<?xml version="1.0" encoding="UTF-8"?>
<testng-results ignored="0" total="0" passed="0" failed="0" skipped="0">
  <reporter-output>
  </reporter-output>
  <suite started-at="2021-01-23T12:40:12 PST" name="base.BaseTest" finished-at="2021-01-23T12:40:12 PST" duration-ms="5">
    <groups>
    </groups>
    <test started-at="2021-01-23T12:40:12 PST" name="Command line test" finished-at="2021-01-23T12:40:12 PST" duration-ms="5">
    </test> <!-- Command line test -->
  </suite> <!-- base.BaseTest -->
</testng-results>
